D:\AREA_TRABAJO_LOCAL_SSD\INTERWP8\CPPWINRT\CPPWINRT\DEBUG\CPPWINRT.PCH
D:\AREA_TRABAJO_LOCAL_SSD\INTERWP8\CPPWINRT\CPPWINRT\DEBUG\PCH.OBJ
D:\AREA_TRABAJO_LOCAL_SSD\INTERWP8\CPPWINRT\CPPWINRT\DEBUG\VC110.PDB
D:\AREA_TRABAJO_LOCAL_SSD\INTERWP8\CPPWINRT\CPPWINRT\DEBUG\ERR.OBJ
D:\AREA_TRABAJO_LOCAL_SSD\INTERWP8\CPPWINRT\CPPWINRT\DEBUG\MAIN.OBJ
D:\AREA_TRABAJO_LOCAL_SSD\INTERWP8\CPPWINRT\CPPWINRT\DEBUG\CPPWINRT.OBJ
D:\AREA_TRABAJO_LOCAL_SSD\INTERWP8\CPPWINRT\CPPWINRT\DEBUG\PRUEBA.OBJ
D:\AREA_TRABAJO_LOCAL_SSD\INTERWP8\CPPWINRT\CPPWINRT\DEBUG\GRAM.OBJ
D:\AREA_TRABAJO_LOCAL_SSD\INTERWP8\CPPWINRT\CPPWINRT\DEBUG\LEX.OBJ
D:\AREA_TRABAJO_LOCAL_SSD\INTERWP8\CPPWINRT\CPPWINRT\DEBUG\RUN.OBJ
D:\AREA_TRABAJO_LOCAL_SSD\InterWP8\CppWINRT\CppWINRT\Debug\CppWINRT.obj
D:\AREA_TRABAJO_LOCAL_SSD\InterWP8\CppWINRT\CppWINRT\Debug\err.obj
D:\AREA_TRABAJO_LOCAL_SSD\InterWP8\CppWINRT\CppWINRT\Debug\gram.obj
D:\AREA_TRABAJO_LOCAL_SSD\InterWP8\CppWINRT\CppWINRT\Debug\lex.obj
D:\AREA_TRABAJO_LOCAL_SSD\InterWP8\CppWINRT\CppWINRT\Debug\main.obj
D:\AREA_TRABAJO_LOCAL_SSD\InterWP8\CppWINRT\CppWINRT\Debug\pch.obj
D:\AREA_TRABAJO_LOCAL_SSD\InterWP8\CppWINRT\CppWINRT\Debug\prueba.obj
D:\AREA_TRABAJO_LOCAL_SSD\InterWP8\CppWINRT\CppWINRT\Debug\run.obj
D:\AREA_TRABAJO_LOCAL_SSD\InterWP8\CppWINRT\CppWINRT\Debug\CL.10152.read.1.tlog
D:\AREA_TRABAJO_LOCAL_SSD\InterWP8\CppWINRT\CppWINRT\Debug\CL.10152.write.1.tlog
D:\AREA_TRABAJO_LOCAL_SSD\InterWP8\CppWINRT\CppWINRT\Debug\CL.11220.read.1.tlog
D:\AREA_TRABAJO_LOCAL_SSD\InterWP8\CppWINRT\CppWINRT\Debug\CL.11220.write.1.tlog
D:\AREA_TRABAJO_LOCAL_SSD\InterWP8\CppWINRT\CppWINRT\Debug\CL.11232.read.1.tlog
D:\AREA_TRABAJO_LOCAL_SSD\InterWP8\CppWINRT\CppWINRT\Debug\CL.11232.write.1.tlog
D:\AREA_TRABAJO_LOCAL_SSD\InterWP8\CppWINRT\CppWINRT\Debug\CL.8756.read.1.tlog
D:\AREA_TRABAJO_LOCAL_SSD\InterWP8\CppWINRT\CppWINRT\Debug\CL.8756.write.1.tlog
D:\AREA_TRABAJO_LOCAL_SSD\InterWP8\CppWINRT\CppWINRT\Debug\cl.command.1.tlog
D:\AREA_TRABAJO_LOCAL_SSD\InterWP8\CppWINRT\CppWINRT\Debug\CL.read.1.tlog
D:\AREA_TRABAJO_LOCAL_SSD\InterWP8\CppWINRT\CppWINRT\Debug\CL.write.1.tlog
D:\AREA_TRABAJO_LOCAL_SSD\InterWP8\CppWINRT\CppWINRT\Debug\link.command.1.tlog
D:\AREA_TRABAJO_LOCAL_SSD\InterWP8\CppWINRT\CppWINRT\Debug\link.read.1.tlog
D:\AREA_TRABAJO_LOCAL_SSD\InterWP8\CppWINRT\CppWINRT\Debug\link.write.1.tlog
D:\AREA_TRABAJO_LOCAL_SSD\InterWP8\CppWINRT\CppWINRT\Debug\CppWINRT.pch
D:\AREA_TRABAJO_LOCAL_SSD\InterWP8\CppWINRT\CppWINRT\Debug\vc110.pdb
D:\AREA_TRABAJO_LOCAL_SSD\InterWP8\InterWP8\Debug\CppWINRT\CppWINRT.pdb
