Build started 30/12/2016 20:15:20.
     1>Project "D:\AREA_TRABAJO_LOCAL_SSD\InterWP8\CppWINRT\CppWINRT\CppWINRT.vcxproj" on node 2 (Build target(s)).
     1>ClCompile:
         C:\Program Files (x86)\Microsoft Visual Studio 11.0\VC\WPSDK\WP80\bin\x86_arm\CL.exe /c /ID:\AREA_TRABAJO_LOCAL_SSD\InterWP8\CppWINRT\CppWINRT\ /I"Generated Files\\" /IARM\Debug\ /AI"C:\Program Files (x86)\Windows Phone Kits\8.0\Windows Metadata" /Zi /ZW /ZW:nostdlib /nologo /W3 /WX- /sdl /MP /Od /Oy- /D _WINRT_DLL /D _CRT_SECURE_NO_WARNINGS /D _WINDLL /D _UNICODE /D UNICODE /D _DEBUG /D WINAPI_FAMILY=WINAPI_FAMILY_PHONE_APP /Gm- /EHsc /RTC1 /MDd /GS /fp:precise /Zc:wchar_t /Zc:forScope /Yu"pch.h" /Fp"ARM\Debug\CppWINRT.pch" /Fo"ARM\Debug\\" /Fd"ARM\Debug\vc110.pdb" /Gd /TP /FU"C:\Program Files (x86)\Microsoft Visual Studio 11.0\VC\WPSDK\WP80\lib\arm\platform.winmd" /FU"C:\Program Files (x86)\Windows Phone Kits\8.0\Windows Metadata\Windows.winmd" /analyze- /errorReport:prompt lex.cpp main.cpp
         lex.cpp
         main.cpp
     1>lex.cpp(5): warning C4005: '_CRT_SECURE_NO_WARNINGS' : macro redefinition
                 command-line arguments :  see previous definition of '_CRT_SECURE_NO_WARNINGS'
     1>lex.cpp(663): warning C4018: '<' : signed/unsigned mismatch
       Link:
         C:\Program Files (x86)\Microsoft Visual Studio 11.0\VC\WPSDK\WP80\bin\x86_arm\link.exe /ERRORREPORT:PROMPT /OUT:"D:\AREA_TRABAJO_LOCAL_SSD\InterWP8\InterWP8\ARM\Debug\CppWINRT\CppWINRT.dll" /INCREMENTAL /NOLOGO WindowsPhoneCore.lib RuntimeObject.lib PhoneAppModelHost.lib /NODEFAULTLIB:ole32.lib /MANIFEST:NO /DEBUG /PDB:"D:\AREA_TRABAJO_LOCAL_SSD\InterWP8\InterWP8\ARM\Debug\CppWINRT\CppWINRT.pdb" /SUBSYSTEM:CONSOLE /TLBID:1 /WINMD /WINMDFILE:"D:\AREA_TRABAJO_LOCAL_SSD\InterWP8\InterWP8\ARM\Debug\CppWINRT\CppWINRT.winmd" /DYNAMICBASE /NXCOMPAT /MACHINE:ARM /DLL ARM\Debug\CppWINRT.obj
         ARM\Debug\err.obj
         ARM\Debug\gram.obj
         ARM\Debug\lex.obj
         ARM\Debug\main.obj
         ARM\Debug\pch.obj
         ARM\Debug\run.obj
            Creating library D:\AREA_TRABAJO_LOCAL_SSD\InterWP8\InterWP8\ARM\Debug\CppWINRT\CppWINRT.lib and object D:\AREA_TRABAJO_LOCAL_SSD\InterWP8\InterWP8\ARM\Debug\CppWINRT\CppWINRT.exp
         CppWINRT.vcxproj -> D:\AREA_TRABAJO_LOCAL_SSD\InterWP8\InterWP8\ARM\Debug\CppWINRT\CppWINRT.dll
     1>Done Building Project "D:\AREA_TRABAJO_LOCAL_SSD\InterWP8\CppWINRT\CppWINRT\CppWINRT.vcxproj" (Build target(s)).

Build succeeded.

Time Elapsed 00:00:04.15
