D:\AREA_TRABAJO_LOCAL_SSD\INTERWP8\CPPWINRT\CPPWINRT\ARM\DEBUG\GRAM.OBJ
D:\AREA_TRABAJO_LOCAL_SSD\INTERWP8\CPPWINRT\CPPWINRT\ARM\DEBUG\RUN.OBJ
D:\AREA_TRABAJO_LOCAL_SSD\INTERWP8\CPPWINRT\CPPWINRT\ARM\DEBUG\ERR.OBJ
D:\AREA_TRABAJO_LOCAL_SSD\INTERWP8\CPPWINRT\CPPWINRT\ARM\DEBUG\MAIN.OBJ
D:\AREA_TRABAJO_LOCAL_SSD\INTERWP8\CPPWINRT\CPPWINRT\ARM\DEBUG\LEX.OBJ
D:\AREA_TRABAJO_LOCAL_SSD\INTERWP8\CPPWINRT\CPPWINRT\ARM\DEBUG\CPPWINRT.OBJ
D:\AREA_TRABAJO_LOCAL_SSD\INTERWP8\CPPWINRT\CPPWINRT\ARM\DEBUG\CPPWINRT.PCH
D:\AREA_TRABAJO_LOCAL_SSD\INTERWP8\CPPWINRT\CPPWINRT\ARM\DEBUG\PCH.OBJ
D:\AREA_TRABAJO_LOCAL_SSD\INTERWP8\CPPWINRT\CPPWINRT\ARM\DEBUG\VC110.PDB
D:\AREA_TRABAJO_LOCAL_SSD\INTERWP8\CPPWINRT\CPPWINRT\ARM\DEBUG\PRUEBA.OBJ
D:\AREA_TRABAJO_LOCAL_SSD\InterWP8\InterWP8\ARM\Debug\CppWINRT\CppWINRT.lib
D:\AREA_TRABAJO_LOCAL_SSD\InterWP8\InterWP8\ARM\Debug\CppWINRT\CppWINRT.exp
D:\AREA_TRABAJO_LOCAL_SSD\INTERWP8\INTERWP8\ARM\DEBUG\CPPWINRT\CPPWINRT.ILK
D:\AREA_TRABAJO_LOCAL_SSD\INTERWP8\INTERWP8\ARM\DEBUG\CPPWINRT\CPPWINRT.DLL
D:\AREA_TRABAJO_LOCAL_SSD\INTERWP8\INTERWP8\ARM\DEBUG\CPPWINRT\CPPWINRT.WINMD
D:\AREA_TRABAJO_LOCAL_SSD\INTERWP8\INTERWP8\ARM\DEBUG\CPPWINRT\CPPWINRT.PDB
D:\AREA_TRABAJO_LOCAL_SSD\InterWP8\CppWINRT\CppWINRT\ARM\Debug\CppWINRT.vcxprojResolveAssemblyReference.cache
D:\AREA_TRABAJO_LOCAL_SSD\InterWP8\CppWINRT\CppWINRT\ARM\Debug\CppWINRT.obj
D:\AREA_TRABAJO_LOCAL_SSD\InterWP8\CppWINRT\CppWINRT\ARM\Debug\err.obj
D:\AREA_TRABAJO_LOCAL_SSD\InterWP8\CppWINRT\CppWINRT\ARM\Debug\gram.obj
D:\AREA_TRABAJO_LOCAL_SSD\InterWP8\CppWINRT\CppWINRT\ARM\Debug\lex.obj
D:\AREA_TRABAJO_LOCAL_SSD\InterWP8\CppWINRT\CppWINRT\ARM\Debug\main.obj
D:\AREA_TRABAJO_LOCAL_SSD\InterWP8\CppWINRT\CppWINRT\ARM\Debug\pch.obj
D:\AREA_TRABAJO_LOCAL_SSD\InterWP8\CppWINRT\CppWINRT\ARM\Debug\prueba.obj
D:\AREA_TRABAJO_LOCAL_SSD\InterWP8\CppWINRT\CppWINRT\ARM\Debug\run.obj
D:\AREA_TRABAJO_LOCAL_SSD\InterWP8\CppWINRT\CppWINRT\ARM\Debug\CL.10564.read.1.tlog
D:\AREA_TRABAJO_LOCAL_SSD\InterWP8\CppWINRT\CppWINRT\ARM\Debug\CL.10564.write.1.tlog
D:\AREA_TRABAJO_LOCAL_SSD\InterWP8\CppWINRT\CppWINRT\ARM\Debug\CL.10592.read.1.tlog
D:\AREA_TRABAJO_LOCAL_SSD\InterWP8\CppWINRT\CppWINRT\ARM\Debug\CL.10592.write.1.tlog
D:\AREA_TRABAJO_LOCAL_SSD\InterWP8\CppWINRT\CppWINRT\ARM\Debug\CL.1080.read.1.tlog
D:\AREA_TRABAJO_LOCAL_SSD\InterWP8\CppWINRT\CppWINRT\ARM\Debug\CL.1080.write.1.tlog
D:\AREA_TRABAJO_LOCAL_SSD\InterWP8\CppWINRT\CppWINRT\ARM\Debug\CL.2652.read.1.tlog
D:\AREA_TRABAJO_LOCAL_SSD\InterWP8\CppWINRT\CppWINRT\ARM\Debug\CL.2652.write.1.tlog
D:\AREA_TRABAJO_LOCAL_SSD\InterWP8\CppWINRT\CppWINRT\ARM\Debug\CL.5416.read.1.tlog
D:\AREA_TRABAJO_LOCAL_SSD\InterWP8\CppWINRT\CppWINRT\ARM\Debug\CL.5416.write.1.tlog
D:\AREA_TRABAJO_LOCAL_SSD\InterWP8\CppWINRT\CppWINRT\ARM\Debug\CL.6188.read.1.tlog
D:\AREA_TRABAJO_LOCAL_SSD\InterWP8\CppWINRT\CppWINRT\ARM\Debug\CL.6188.write.1.tlog
D:\AREA_TRABAJO_LOCAL_SSD\InterWP8\CppWINRT\CppWINRT\ARM\Debug\CL.6820.read.1.tlog
D:\AREA_TRABAJO_LOCAL_SSD\InterWP8\CppWINRT\CppWINRT\ARM\Debug\CL.6820.write.1.tlog
D:\AREA_TRABAJO_LOCAL_SSD\InterWP8\CppWINRT\CppWINRT\ARM\Debug\CL.7060.read.1.tlog
D:\AREA_TRABAJO_LOCAL_SSD\InterWP8\CppWINRT\CppWINRT\ARM\Debug\CL.7060.write.1.tlog
D:\AREA_TRABAJO_LOCAL_SSD\InterWP8\CppWINRT\CppWINRT\ARM\Debug\CL.8768.read.1.tlog
D:\AREA_TRABAJO_LOCAL_SSD\InterWP8\CppWINRT\CppWINRT\ARM\Debug\CL.8768.write.1.tlog
D:\AREA_TRABAJO_LOCAL_SSD\InterWP8\CppWINRT\CppWINRT\ARM\Debug\CL.9096.read.1.tlog
D:\AREA_TRABAJO_LOCAL_SSD\InterWP8\CppWINRT\CppWINRT\ARM\Debug\CL.9096.write.1.tlog
D:\AREA_TRABAJO_LOCAL_SSD\InterWP8\CppWINRT\CppWINRT\ARM\Debug\cl.command.1.tlog
D:\AREA_TRABAJO_LOCAL_SSD\InterWP8\CppWINRT\CppWINRT\ARM\Debug\CL.read.1.tlog
D:\AREA_TRABAJO_LOCAL_SSD\InterWP8\CppWINRT\CppWINRT\ARM\Debug\CL.write.1.tlog
D:\AREA_TRABAJO_LOCAL_SSD\InterWP8\CppWINRT\CppWINRT\ARM\Debug\CppWINRT.write.1.tlog
D:\AREA_TRABAJO_LOCAL_SSD\InterWP8\CppWINRT\CppWINRT\ARM\Debug\link.2844.read.1.tlog
D:\AREA_TRABAJO_LOCAL_SSD\InterWP8\CppWINRT\CppWINRT\ARM\Debug\link.2844.write.1.tlog
D:\AREA_TRABAJO_LOCAL_SSD\InterWP8\CppWINRT\CppWINRT\ARM\Debug\link.9428.read.1.tlog
D:\AREA_TRABAJO_LOCAL_SSD\InterWP8\CppWINRT\CppWINRT\ARM\Debug\link.9428.write.1.tlog
D:\AREA_TRABAJO_LOCAL_SSD\InterWP8\CppWINRT\CppWINRT\ARM\Debug\link.command.1.tlog
D:\AREA_TRABAJO_LOCAL_SSD\InterWP8\CppWINRT\CppWINRT\ARM\Debug\link.read.1.tlog
D:\AREA_TRABAJO_LOCAL_SSD\InterWP8\CppWINRT\CppWINRT\ARM\Debug\link.write.1.tlog
D:\AREA_TRABAJO_LOCAL_SSD\InterWP8\CppWINRT\CppWINRT\ARM\Debug\CppWINRT.pch
D:\AREA_TRABAJO_LOCAL_SSD\InterWP8\CppWINRT\CppWINRT\ARM\Debug\vc110.pdb
D:\AREA_TRABAJO_LOCAL_SSD\InterWP8\InterWP8\ARM\Debug\CppWINRT\CppWINRT.pdb
D:\AREA_TRABAJO_LOCAL_SSD\InterWP8\InterWP8\ARM\Debug\CppWINRT\CppWINRT.dll
D:\AREA_TRABAJO_LOCAL_SSD\InterWP8\InterWP8\ARM\Debug\CppWINRT\CppWINRT.ilk
